Running scenarios...
Phase started: unnamed (index: 0, duration: 1s) 12:05:42(-0300)

Phase completed: unnamed (index: 0, duration: 1s) 12:05:43(-0300)

All VUs finished. Total time: 10 seconds

--------------------------------
Summary report @ 12:05:50(-0300)
--------------------------------

http.codes.200: ................................................................ 2500
http.request_rate: ............................................................. 265/sec
http.requests: ................................................................. 2500
http.response_time:
  min: ......................................................................... 3
  max: ......................................................................... 180
  median: ...................................................................... 71.5
  p95: ......................................................................... 156
  p99: ......................................................................... 172.5
http.responses: ................................................................ 2500
vusers.completed: .............................................................. 50
vusers.created: ................................................................ 50
vusers.created_by_name.0: ...................................................... 50
vusers.failed: ................................................................. 0
vusers.session_length:
  min: ......................................................................... 2936.8
  max: ......................................................................... 4109.4
  median: ...................................................................... 3984.7
  p95: ......................................................................... 4065.2
  p99: ......................................................................... 4065.2
