Running scenarios...
Phase started: unnamed (index: 0, duration: 1s) 12:04:55(-0300)

Phase completed: unnamed (index: 0, duration: 1s) 12:04:56(-0300)

All VUs finished. Total time: 10 seconds

--------------------------------
Summary report @ 12:05:03(-0300)
--------------------------------

http.codes.200: ................................................................ 2500
http.request_rate: ............................................................. 382/sec
http.requests: ................................................................. 2500
http.response_time:
  min: ......................................................................... 2
  max: ......................................................................... 138
  median: ...................................................................... 39.3
  p95: ......................................................................... 90.9
  p99: ......................................................................... 117.9
http.responses: ................................................................ 2500
vusers.completed: .............................................................. 50
vusers.created: ................................................................ 50
vusers.created_by_name.0: ...................................................... 50
vusers.failed: ................................................................. 0
vusers.session_length:
  min: ......................................................................... 915.5
  max: ......................................................................... 3039.7
  median: ...................................................................... 2322.1
  p95: ......................................................................... 3011.6
  p99: ......................................................................... 3011.6
